app/build/outputs/logs/manifest-merger-debug-report.txt
-- Merging decision tree log ---
manifest
ADDED from src\main\AndroidManifest.xml:2:1-23:12
INJECTED from src\main\AndroidManifest.xml:2:1-23:12
INJECTED from src\main\AndroidManifest.xml:2:1-23:12
INJECTED from src\main\AndroidManifest.xml:2:1-23:12
MERGED from [com.android.support:appcompat-v7:28.0.0] AndroidManifest.xml:17:1-22:12
MERGED from [com.huawei.hms:location:5.0.0.301] AndroidManifest.xml:3:1-23:12
MERGED from [com.android.support:support-fragment:28.0.0] AndroidManifest.xml:17:1-22:12
MERGED from [com.android.support:animated-vector-drawable:28.0.0] AndroidManifest.xml:17:1-22:12
MERGED from [com.android.support:support-core-ui:28.0.0] AndroidManifest.xml:17:1-22:12
MERGED from [com.android.support:support-core-utils:28.0.0] AndroidManifest.xml:17:1-22:12
MERGED from [com.android.support:support-vector-drawable:28.0.0] AndroidManifest.xml:17:1-22:12
MERGED from [com.android.support:loader:28.0.0] AndroidManifest.xml:17:1-22:12
MERGED from [com.android.support:viewpager:28.0.0] AndroidManifest.xml:17:1-22:12
MERGED from [com.android.support:coordinatorlayout:28.0.0] AndroidManifest.xml:17:1-22:12
MERGED from [com.android.support:drawerlayout:28.0.0] AndroidManifest.xml:17:1-22:12
MERGED from [com.android.support:slidingpanelayout:28.0.0] AndroidManifest.xml:17:1-22:12
MERGED from [com.android.support:customview:28.0.0] AndroidManifest.xml:17:1-22:12
MERGED from [com.android.support:swiperefreshlayout:28.0.0] AndroidManifest.xml:17:1-22:12
MERGED from [com.android.support:asynclayoutinflater:28.0.0] AndroidManifest.xml:17:1-22:12
MERGED from [com.android.support:support-compat:28.0.0] AndroidManifest.xml:17:1-24:12
MERGED from [com.android.support:versionedparcelable:28.0.0] AndroidManifest.xml:17:1-25:12
MERGED from [com.android.support:cursoradapter:28.0.0] AndroidManifest.xml:17:1-22:12
MERGED from [android.arch.lifecycle:runtime:1.1.1] AndroidManifest.xml:17:1-22:12
MERGED from [com.android.support:documentfile:28.0.0] AndroidManifest.xml:17:1-22:12
MERGED from [com.android.support:localbroadcastmanager:28.0.0] AndroidManifest.xml:17:1-22:12
MERGED from [com.android.support:print:28.0.0] AndroidManifest.xml:17:1-22:12
MERGED from [android.arch.lifecycle:viewmodel:1.1.1] AndroidManifest.xml:17:1-22:12
MERGED from [android.arch.lifecycle:livedata:1.1.1] AndroidManifest.xml:17:1-22:12
MERGED from [android.arch.lifecycle:livedata-core:1.1.1] AndroidManifest.xml:17:1-22:12
MERGED from [android.arch.core:runtime:1.1.1] AndroidManifest.xml:17:1-22:12
MERGED from [com.android.support:interpolator:28.0.0] AndroidManifest.xml:17:1-22:12
MERGED from [com.huawei.hms:base:5.0.0.300] AndroidManifest.xml:2:1-28:12
MERGED from [com.huawei.hms:availableupdate:5.0.0.300] AndroidManifest.xml:2:1-35:12
MERGED from [com.huawei.hms:stats:5.0.0.300] AndroidManifest.xml:2:1-16:12
MERGED from [com.huawei.hms:ui:5.0.0.300] AndroidManifest.xml:2:1-29:12
MERGED from [com.huawei.hms:device:5.0.0.300] AndroidManifest.xml:2:1-14:12
MERGED from [com.huawei.hms:log:5.0.0.300] AndroidManifest.xml:2:1-14:12
MERGED from [com.huawei.agconnect:agconnect-core:1.3.1.300] AndroidManifest.xml:2:1-21:12
MERGED from [com.huawei.hmf:tasks:1.4.1.300] AndroidManifest.xml:2:1-10:12
MERGED from [com.huawei.hms:update:2.0.6.302] AndroidManifest.xml:2:1-48:12
MERGED from [com.huawei.hms:network-grs:4.0.2.300] AndroidManifest.xml:2:1-11:12
MERGED from [com.huawei.hms:network-common:4.0.2.300] AndroidManifest.xml:2:1-11:12
INJECTED from src\main\AndroidManifest.xml:2:1-23:12
INJECTED from src\main\AndroidManifest.xml:2:1-23:12
INJECTED from src\main\AndroidManifest.xml:2:1-23:12
	package
		ADDED from src\main\AndroidManifest.xml:3:11-44
		INJECTED from src\main\AndroidManifest.xml
		INJECTED from src\main\AndroidManifest.xml
	android:versionName
		INJECTED from src\main\AndroidManifest.xml
		ADDED from src\main\AndroidManifest.xml:2:1-23:12
		INJECTED from src\main\AndroidManifest.xml
	android:versionCode
		INJECTED from src\main\AndroidManifest.xml
		ADDED from src\main\AndroidManifest.xml:2:1-23:12
		INJECTED from src\main\AndroidManifest.xml
	xmlns:android
		ADDED from src\main\AndroidManifest.xml:2:11-69
uses-permission#android.permission.ACCESS_FINE_LOCATION
ADDED from src\main\AndroidManifest.xml:5:5-78
	android:name
		ADDED from src\main\AndroidManifest.xml:5:22-76
uses-permission#android.permission.ACCESS_COARSE_LOCATION
ADDED from src\main\AndroidManifest.xml:6:5-80
	android:name
		ADDED from src\main\AndroidManifest.xml:6:22-78
uses-permission#android.permission.ACCESS_BACKGROUND_LOCATION
ADDED from src\main\AndroidManifest.xml:7:5-84
	android:name
		ADDED from src\main\AndroidManifest.xml:7:22-82
application
ADDED from src\main\AndroidManifest.xml:8:5-22:19
MERGED from [com.huawei.hms:location:5.0.0.301] AndroidManifest.xml:11:5-21:19
MERGED from [com.huawei.hms:location:5.0.0.301] AndroidManifest.xml:11:5-21:19
MERGED from [com.android.support:support-compat:28.0.0] AndroidManifest.xml:22:5-94
MERGED from [com.android.support:support-compat:28.0.0] AndroidManifest.xml:22:5-94
MERGED from [com.android.support:versionedparcelable:28.0.0] AndroidManifest.xml:22:5-23:19
MERGED from [com.android.support:versionedparcelable:28.0.0] AndroidManifest.xml:22:5-23:19
MERGED from [com.huawei.hms:base:5.0.0.300] AndroidManifest.xml:12:5-26:19
MERGED from [com.huawei.hms:base:5.0.0.300] AndroidManifest.xml:12:5-26:19
MERGED from [com.huawei.hms:availableupdate:5.0.0.300] AndroidManifest.xml:20:5-33:19
MERGED from [com.huawei.hms:availableupdate:5.0.0.300] AndroidManifest.xml:20:5-33:19
MERGED from [com.huawei.hms:stats:5.0.0.300] AndroidManifest.xml:14:5-20
MERGED from [com.huawei.hms:stats:5.0.0.300] AndroidManifest.xml:14:5-20
MERGED from [com.huawei.hms:ui:5.0.0.300] AndroidManifest.xml:9:5-27:19
MERGED from [com.huawei.hms:ui:5.0.0.300] AndroidManifest.xml:9:5-27:19
MERGED from [com.huawei.hms:device:5.0.0.300] AndroidManifest.xml:12:5-20
MERGED from [com.huawei.hms:device:5.0.0.300] AndroidManifest.xml:12:5-20
MERGED from [com.huawei.hms:log:5.0.0.300] AndroidManifest.xml:12:5-20
MERGED from [com.huawei.hms:log:5.0.0.300] AndroidManifest.xml:12:5-20
MERGED from [com.huawei.agconnect:agconnect-core:1.3.1.300] AndroidManifest.xml:10:5-19:19
MERGED from [com.huawei.agconnect:agconnect-core:1.3.1.300] AndroidManifest.xml:10:5-19:19
MERGED from [com.huawei.hms:update:2.0.6.302] AndroidManifest.xml:20:5-46:19
MERGED from [com.huawei.hms:update:2.0.6.302] AndroidManifest.xml:20:5-46:19
	android:appComponentFactory
		ADDED from [com.android.support:support-compat:28.0.0] AndroidManifest.xml:22:18-91
	android:supportsRtl
		ADDED from src\main\AndroidManifest.xml:12:9-35
	android:label
		ADDED from src\main\AndroidManifest.xml:11:9-41
	android:icon
		ADDED from src\main\AndroidManifest.xml:10:9-43
	android:allowBackup
		ADDED from src\main\AndroidManifest.xml:9:9-35
	android:theme
		ADDED from src\main\AndroidManifest.xml:13:9-40
activity#com.huawei.locationdemo.RequestLocationUpdatesWithCallbackActivity
ADDED from src\main\AndroidManifest.xml:15:9-21:20
	android:name
		ADDED from src\main\AndroidManifest.xml:15:19-77
intent-filter#action:name:android.intent.action.MAIN+category:name:android.intent.category.LAUNCHER
ADDED from src\main\AndroidManifest.xml:16:13-20:29
action#android.intent.action.MAIN
ADDED from src\main\AndroidManifest.xml:17:17-68
	android:name
		ADDED from src\main\AndroidManifest.xml:17:25-66
category#android.intent.category.LAUNCHER
ADDED from src\main\AndroidManifest.xml:19:17-76
	android:name
		ADDED from src\main\AndroidManifest.xml:19:27-74
uses-sdk
INJECTED from src\main\AndroidManifest.xml reason: use-sdk injection requested
INJECTED from src\main\AndroidManifest.xml
INJECTED from src\main\AndroidManifest.xml
MERGED from [com.android.support:appcompat-v7:28.0.0] AndroidManifest.xml:20:5-44
MERGED from [com.android.support:appcompat-v7:28.0.0] AndroidManifest.xml:20:5-44
MERGED from [com.huawei.hms:location:5.0.0.301] AndroidManifest.xml:7:5-9:41
MERGED from [com.huawei.hms:location:5.0.0.301] AndroidManifest.xml:7:5-9:41
MERGED from [com.android.support:support-fragment:28.0.0] AndroidManifest.xml:20:5-44
MERGED from [com.android.support:support-fragment:28.0.0] AndroidManifest.xml:20:5-44
MERGED from [com.android.support:animated-vector-drawable:28.0.0] AndroidManifest.xml:20:5-44
MERGED from [com.android.support:animated-vector-drawable:28.0.0] AndroidManifest.xml:20:5-44
MERGED from [com.android.support:support-core-ui:28.0.0] AndroidManifest.xml:20:5-44
MERGED from [com.android.support:support-core-ui:28.0.0] AndroidManifest.xml:20:5-44
MERGED from [com.android.support:support-core-utils:28.0.0] AndroidManifest.xml:20:5-44
MERGED from [com.android.support:support-core-utils:28.0.0] AndroidManifest.xml:20:5-44
MERGED from [com.android.support:support-vector-drawable:28.0.0] AndroidManifest.xml:20:5-44
MERGED from [com.android.support:support-vector-drawable:28.0.0] AndroidManifest.xml:20:5-44
MERGED from [com.android.support:loader:28.0.0] AndroidManifest.xml:20:5-44
MERGED from [com.android.support:loader:28.0.0] AndroidManifest.xml:20:5-44
MERGED from [com.android.support:viewpager:28.0.0] AndroidManifest.xml:20:5-44
MERGED from [com.android.support:viewpager:28.0.0] AndroidManifest.xml:20:5-44
MERGED from [com.android.support:coordinatorlayout:28.0.0] AndroidManifest.xml:20:5-44
MERGED from [com.android.support:coordinatorlayout:28.0.0] AndroidManifest.xml:20:5-44
MERGED from [com.android.support:drawerlayout:28.0.0] AndroidManifest.xml:20:5-44
MERGED from [com.android.support:drawerlayout:28.0.0] AndroidManifest.xml:20:5-44
MERGED from [com.android.support:slidingpanelayout:28.0.0] AndroidManifest.xml:20:5-44
MERGED from [com.android.support:slidingpanelayout:28.0.0] AndroidManifest.xml:20:5-44
MERGED from [com.android.support:customview:28.0.0] AndroidManifest.xml:20:5-44
MERGED from [com.android.support:customview:28.0.0] AndroidManifest.xml:20:5-44
MERGED from [com.android.support:swiperefreshlayout:28.0.0] AndroidManifest.xml:20:5-44
MERGED from [com.android.support:swiperefreshlayout:28.0.0] AndroidManifest.xml:20:5-44
MERGED from [com.android.support:asynclayoutinflater:28.0.0] AndroidManifest.xml:20:5-44
MERGED from [com.android.support:asynclayoutinflater:28.0.0] AndroidManifest.xml:20:5-44
MERGED from [com.android.support:support-compat:28.0.0] AndroidManifest.xml:20:5-44
MERGED from [com.android.support:support-compat:28.0.0] AndroidManifest.xml:20:5-44
MERGED from [com.android.support:versionedparcelable:28.0.0] AndroidManifest.xml:20:5-44
MERGED from [com.android.support:versionedparcelable:28.0.0] AndroidManifest.xml:20:5-44
MERGED from [com.android.support:cursoradapter:28.0.0] AndroidManifest.xml:20:5-44
MERGED from [com.android.support:cursoradapter:28.0.0] AndroidManifest.xml:20:5-44
MERGED from [android.arch.lifecycle:runtime:1.1.1] AndroidManifest.xml:20:5-44
MERGED from [android.arch.lifecycle:runtime:1.1.1] AndroidManifest.xml:20:5-44
MERGED from [com.android.support:documentfile:28.0.0] AndroidManifest.xml:20:5-44
MERGED from [com.android.support:documentfile:28.0.0] AndroidManifest.xml:20:5-44
MERGED from [com.android.support:localbroadcastmanager:28.0.0] AndroidManifest.xml:20:5-44
MERGED from [com.android.support:localbroadcastmanager:28.0.0] AndroidManifest.xml:20:5-44
MERGED from [com.android.support:print:28.0.0] AndroidManifest.xml:20:5-44
MERGED from [com.android.support:print:28.0.0] AndroidManifest.xml:20:5-44
MERGED from [android.arch.lifecycle:viewmodel:1.1.1] AndroidManifest.xml:20:5-44
MERGED from [android.arch.lifecycle:viewmodel:1.1.1] AndroidManifest.xml:20:5-44
MERGED from [android.arch.lifecycle:livedata:1.1.1] AndroidManifest.xml:20:5-44
MERGED from [android.arch.lifecycle:livedata:1.1.1] AndroidManifest.xml:20:5-44
MERGED from [android.arch.lifecycle:livedata-core:1.1.1] AndroidManifest.xml:20:5-44
MERGED from [android.arch.lifecycle:livedata-core:1.1.1] AndroidManifest.xml:20:5-44
MERGED from [android.arch.core:runtime:1.1.1] AndroidManifest.xml:20:5-44
MERGED from [android.arch.core:runtime:1.1.1] AndroidManifest.xml:20:5-44
MERGED from [com.android.support:interpolator:28.0.0] AndroidManifest.xml:20:5-44
MERGED from [com.android.support:interpolator:28.0.0] AndroidManifest.xml:20:5-44
MERGED from [com.huawei.hms:base:5.0.0.300] AndroidManifest.xml:5:5-7:41
MERGED from [com.huawei.hms:base:5.0.0.300] AndroidManifest.xml:5:5-7:41
MERGED from [com.huawei.hms:availableupdate:5.0.0.300] AndroidManifest.xml:5:5-7:41
MERGED from [com.huawei.hms:availableupdate:5.0.0.300] AndroidManifest.xml:5:5-7:41
MERGED from [com.huawei.hms:stats:5.0.0.300] AndroidManifest.xml:5:5-7:41
MERGED from [com.huawei.hms:stats:5.0.0.300] AndroidManifest.xml:5:5-7:41
MERGED from [com.huawei.hms:ui:5.0.0.300] AndroidManifest.xml:5:5-7:41
MERGED from [com.huawei.hms:ui:5.0.0.300] AndroidManifest.xml:5:5-7:41
MERGED from [com.huawei.hms:device:5.0.0.300] AndroidManifest.xml:5:5-7:41
MERGED from [com.huawei.hms:device:5.0.0.300] AndroidManifest.xml:5:5-7:41
MERGED from [com.huawei.hms:log:5.0.0.300] AndroidManifest.xml:5:5-7:41
MERGED from [com.huawei.hms:log:5.0.0.300] AndroidManifest.xml:5:5-7:41
MERGED from [com.huawei.agconnect:agconnect-core:1.3.1.300] AndroidManifest.xml:6:5-8:41
MERGED from [com.huawei.agconnect:agconnect-core:1.3.1.300] AndroidManifest.xml:6:5-8:41
MERGED from [com.huawei.hmf:tasks:1.4.1.300] AndroidManifest.xml:6:5-8:41
MERGED from [com.huawei.hmf:tasks:1.4.1.300] AndroidManifest.xml:6:5-8:41
MERGED from [com.huawei.hms:update:2.0.6.302] AndroidManifest.xml:7:5-9:41
MERGED from [com.huawei.hms:update:2.0.6.302] AndroidManifest.xml:7:5-9:41
MERGED from [com.huawei.hms:network-grs:4.0.2.300] AndroidManifest.xml:7:5-9:41
MERGED from [com.huawei.hms:network-grs:4.0.2.300] AndroidManifest.xml:7:5-9:41
MERGED from [com.huawei.hms:network-common:4.0.2.300] AndroidManifest.xml:7:5-9:41
MERGED from [com.huawei.hms:network-common:4.0.2.300] AndroidManifest.xml:7:5-9:41
INJECTED from src\main\AndroidManifest.xml
INJECTED from src\main\AndroidManifest.xml
	android:targetSdkVersion
		INJECTED from src\main\AndroidManifest.xml
		ADDED from src\main\AndroidManifest.xml
		INJECTED from src\main\AndroidManifest.xml
	android:minSdkVersion
		INJECTED from src\main\AndroidManifest.xml
		ADDED from src\main\AndroidManifest.xml
		INJECTED from src\main\AndroidManifest.xml
meta-data#com.huawei.hms.client.service.name:location
ADDED from [com.huawei.hms:location:5.0.0.301] AndroidManifest.xml:14:9-16:52
	android:value
		ADDED from [com.huawei.hms:location:5.0.0.301] AndroidManifest.xml:16:13-49
	android:name
		ADDED from [com.huawei.hms:location:5.0.0.301] AndroidManifest.xml:15:13-71
meta-data#com.huawei.hms.min_api_level:location:location
ADDED from [com.huawei.hms:location:5.0.0.301] AndroidManifest.xml:18:9-20:33
	android:value
		ADDED from [com.huawei.hms:location:5.0.0.301] AndroidManifest.xml:20:13-30
	android:name
		ADDED from [com.huawei.hms:location:5.0.0.301] AndroidManifest.xml:19:13-74
uses-permission#android.permission.INTERNET
ADDED from [com.huawei.hms:base:5.0.0.300] AndroidManifest.xml:10:5-67
MERGED from [com.huawei.hms:availableupdate:5.0.0.300] AndroidManifest.xml:10:5-67
MERGED from [com.huawei.hms:availableupdate:5.0.0.300] AndroidManifest.xml:10:5-67
MERGED from [com.huawei.hms:stats:5.0.0.300] AndroidManifest.xml:10:5-67
MERGED from [com.huawei.hms:stats:5.0.0.300] AndroidManifest.xml:10:5-67
MERGED from [com.huawei.hms:update:2.0.6.302] AndroidManifest.xml:11:5-67
MERGED from [com.huawei.hms:update:2.0.6.302] AndroidManifest.xml:11:5-67
	android:name
		ADDED from [com.huawei.hms:base:5.0.0.300] AndroidManifest.xml:10:22-64
meta-data#com.huawei.hms.client.service.name:base
ADDED from [com.huawei.hms:base:5.0.0.300] AndroidManifest.xml:18:9-20:46
	android:value
		ADDED from [com.huawei.hms:base:5.0.0.300] AndroidManifest.xml:20:13-43
	android:name
		ADDED from [com.huawei.hms:base:5.0.0.300] AndroidManifest.xml:19:13-67
meta-data#com.huawei.hms.min_api_level:base:hmscore
ADDED from [com.huawei.hms:base:5.0.0.300] AndroidManifest.xml:23:9-25:33
	android:value
		ADDED from [com.huawei.hms:base:5.0.0.300] AndroidManifest.xml:25:13-30
	android:name
		ADDED from [com.huawei.hms:base:5.0.0.300] AndroidManifest.xml:24:13-69
uses-permission#android.permission.WRITE_EXTERNAL_STORAGE
ADDED from [com.huawei.hms:availableupdate:5.0.0.300] AndroidManifest.xml:12:5-81
MERGED from [com.huawei.hms:log:5.0.0.300] AndroidManifest.xml:10:5-81
MERGED from [com.huawei.hms:log:5.0.0.300] AndroidManifest.xml:10:5-81
	android:name
		ADDED from [com.huawei.hms:availableupdate:5.0.0.300] AndroidManifest.xml:12:22-78
uses-permission#android.permission.ACCESS_NETWORK_STATE
ADDED from [com.huawei.hms:availableupdate:5.0.0.300] AndroidManifest.xml:14:5-79
MERGED from [com.huawei.hms:stats:5.0.0.300] AndroidManifest.xml:12:5-79
MERGED from [com.huawei.hms:stats:5.0.0.300] AndroidManifest.xml:12:5-79
MERGED from [com.huawei.hms:device:5.0.0.300] AndroidManifest.xml:10:5-79
MERGED from [com.huawei.hms:device:5.0.0.300] AndroidManifest.xml:10:5-79
MERGED from [com.huawei.hms:update:2.0.6.302] AndroidManifest.xml:12:5-79
MERGED from [com.huawei.hms:update:2.0.6.302] AndroidManifest.xml:12:5-79
	android:name
		ADDED from [com.huawei.hms:availableupdate:5.0.0.300] AndroidManifest.xml:14:22-76
uses-permission#android.permission.REQUEST_INSTALL_PACKAGES
ADDED from [com.huawei.hms:availableupdate:5.0.0.300] AndroidManifest.xml:16:5-83
MERGED from [com.huawei.hms:update:2.0.6.302] AndroidManifest.xml:15:5-83
MERGED from [com.huawei.hms:update:2.0.6.302] AndroidManifest.xml:15:5-83
	android:name
		ADDED from [com.huawei.hms:availableupdate:5.0.0.300] AndroidManifest.xml:16:22-80
uses-permission#com.huawei.appmarket.service.commondata.permission.GET_COMMON_DATA
ADDED from [com.huawei.hms:availableupdate:5.0.0.300] AndroidManifest.xml:18:5-106
MERGED from [com.huawei.hms:update:2.0.6.302] AndroidManifest.xml:18:5-106
MERGED from [com.huawei.hms:update:2.0.6.302] AndroidManifest.xml:18:5-106
	android:name
		ADDED from [com.huawei.hms:availableupdate:5.0.0.300] AndroidManifest.xml:18:22-103
meta-data#availableLoaded
ADDED from [com.huawei.hms:availableupdate:5.0.0.300] AndroidManifest.xml:23:9-25:35
	android:value
		ADDED from [com.huawei.hms:availableupdate:5.0.0.300] AndroidManifest.xml:25:13-32
	android:name
		ADDED from [com.huawei.hms:availableupdate:5.0.0.300] AndroidManifest.xml:24:13-43
provider#com.huawei.hms.update.provider.UpdateProvider
ADDED from [com.huawei.hms:availableupdate:5.0.0.300] AndroidManifest.xml:27:9-32:20
	android:grantUriPermissions
		ADDED from [com.huawei.hms:availableupdate:5.0.0.300] AndroidManifest.xml:31:13-47
	android:authorities
		ADDED from [com.huawei.hms:availableupdate:5.0.0.300] AndroidManifest.xml:29:13-71
	android:exported
		ADDED from [com.huawei.hms:availableupdate:5.0.0.300] AndroidManifest.xml:30:13-37
	android:name
		ADDED from [com.huawei.hms:availableupdate:5.0.0.300] AndroidManifest.xml:28:13-73
uses-permission#android.permission.READ_EXTERNAL_STORAGE
IMPLIED from src\main\AndroidManifest.xml:2:1-23:12 reason: com.huawei.hms.base.availableupdate requested WRITE_EXTERNAL_STORAGE
activity#com.huawei.hms.activity.BridgeActivity
ADDED from [com.huawei.hms:ui:5.0.0.300] AndroidManifest.xml:10:9-21:20
	android:screenOrientation
		ADDED from [com.huawei.hms:ui:5.0.0.300] AndroidManifest.xml:16:13-47
	android:excludeFromRecents
		ADDED from [com.huawei.hms:ui:5.0.0.300] AndroidManifest.xml:13:13-46
	android:hardwareAccelerated
		ADDED from [com.huawei.hms:ui:5.0.0.300] AndroidManifest.xml:15:13-47
	android:exported
		ADDED from [com.huawei.hms:ui:5.0.0.300] AndroidManifest.xml:14:13-37
	android:configChanges
		ADDED from [com.huawei.hms:ui:5.0.0.300] AndroidManifest.xml:12:13-124
	android:theme
		ADDED from [com.huawei.hms:ui:5.0.0.300] AndroidManifest.xml:17:13-61
	android:name
		ADDED from [com.huawei.hms:ui:5.0.0.300] AndroidManifest.xml:11:13-66
meta-data#hwc-theme
ADDED from [com.huawei.hms:ui:5.0.0.300] AndroidManifest.xml:18:13-20:77
	android:value
		ADDED from [com.huawei.hms:ui:5.0.0.300] AndroidManifest.xml:20:17-74
	android:name
		ADDED from [com.huawei.hms:ui:5.0.0.300] AndroidManifest.xml:19:17-41
activity#com.huawei.hms.activity.EnableServiceActivity
ADDED from [com.huawei.hms:ui:5.0.0.300] AndroidManifest.xml:22:9-26:20
	android:exported
		ADDED from [com.huawei.hms:ui:5.0.0.300] AndroidManifest.xml:25:13-37
	android:configChanges
		ADDED from [com.huawei.hms:ui:5.0.0.300] AndroidManifest.xml:24:13-106
	android:name
		ADDED from [com.huawei.hms:ui:5.0.0.300] AndroidManifest.xml:23:13-73
provider#com.huawei.agconnect.core.provider.AGConnectInitializeProvider
ADDED from [com.huawei.agconnect:agconnect-core:1.3.1.300] AndroidManifest.xml:11:9-14:40
	android:authorities
		ADDED from [com.huawei.agconnect:agconnect-core:1.3.1.300] AndroidManifest.xml:13:13-73
	android:exported
		ADDED from [com.huawei.agconnect:agconnect-core:1.3.1.300] AndroidManifest.xml:14:13-37
	android:name
		ADDED from [com.huawei.agconnect:agconnect-core:1.3.1.300] AndroidManifest.xml:12:13-90
service#com.huawei.agconnect.core.ServiceDiscovery
ADDED from [com.huawei.agconnect:agconnect-core:1.3.1.300] AndroidManifest.xml:16:9-18:40
	android:exported
		ADDED from [com.huawei.agconnect:agconnect-core:1.3.1.300] AndroidManifest.xml:18:13-37
	android:name
		ADDED from [com.huawei.agconnect:agconnect-core:1.3.1.300] AndroidManifest.xml:17:13-70
activity#com.huawei.updatesdk.service.otaupdate.AppUpdateActivity
ADDED from [com.huawei.hms:update:2.0.6.302] AndroidManifest.xml:21:9-29:20
	android:exported
		ADDED from [com.huawei.hms:update:2.0.6.302] AndroidManifest.xml:24:13-37
	android:configChanges
		ADDED from [com.huawei.hms:update:2.0.6.302] AndroidManifest.xml:23:13-59
	android:theme
		ADDED from [com.huawei.hms:update:2.0.6.302] AndroidManifest.xml:25:13-49
	android:name
		ADDED from [com.huawei.hms:update:2.0.6.302] AndroidManifest.xml:22:13-84
activity#com.huawei.updatesdk.support.pm.PackageInstallerActivity
ADDED from [com.huawei.hms:update:2.0.6.302] AndroidManifest.xml:30:9-38:20
	android:exported
		ADDED from [com.huawei.hms:update:2.0.6.302] AndroidManifest.xml:33:13-37
	android:configChanges
		ADDED from [com.huawei.hms:update:2.0.6.302] AndroidManifest.xml:32:13-74
	android:theme
		ADDED from [com.huawei.hms:update:2.0.6.302] AndroidManifest.xml:34:13-49
	android:name
		ADDED from [com.huawei.hms:update:2.0.6.302] AndroidManifest.xml:31:13-84
provider#com.huawei.updatesdk.fileprovider.UpdateSdkFileProvider
ADDED from [com.huawei.hms:update:2.0.6.302] AndroidManifest.xml:40:9-45:20
	android:grantUriPermissions
		ADDED from [com.huawei.hms:update:2.0.6.302] AndroidManifest.xml:44:13-47
	android:authorities
		ADDED from [com.huawei.hms:update:2.0.6.302] AndroidManifest.xml:42:13-74
	android:exported
		ADDED from [com.huawei.hms:update:2.0.6.302] AndroidManifest.xml:43:13-37
	android:name
		ADDED from [com.huawei.hms:update:2.0.6.302] AndroidManifest.xml:41:13-83